<?xml version="1.0" encoding="UTF-8"?>
<!-- Generated by org.testng.reporters.JUnitXMLReporter -->
<testsuite hostname="DESKTOP-O7SLD4U" ignored="0" name="JobSearch" tests="3" failures="0" timestamp="17 Mar 2017 08:16:27 GMT" time="55.035" errors="0">
  <testcase name="selectIndiaFromTheDropdown" time="24.887" classname="tcscareersite.JobSearch"/>
  <testcase name="careerPortalLoginSwitch" time="0.061" classname="tcscareersite.JobSearch"/>
  <testcase name="careerPortalLogin" time="19.808" classname="tcscareersite.JobSearch"/>
</testsuite> <!-- JobSearch -->
